#
# A fatal error has been detected by the Java Runtime Environment:
#
#  SIGSEGV (0xb) at pc=0x0000000128571145, pid=25263, tid=1811
#
# JRE version: Java(TM) SE Runtime Environment (8.0-b132) (build 1.8.0-b132)
# Java VM: Java HotSpot(TM) 64-Bit Server VM (25.0-b70 mixed mode bsd-amd64 compressed oops)
# Problematic frame:
# C  [libglass.dylib+0x1b145]  GlassScreenDidChangeScreenParameters+0x25
#
# Failed to write core dump. Core dumps have been disabled. To enable core dumping, try "ulimit -c unlimited" before starting Java again
#
# If you would like to submit a bug report, please visit:
#   http://bugreport.sun.com/bugreport/crash.jsp
#

---------------  T H R E A D  ---------------

Current thread is native thread

siginfo:si_signo=SIGSEGV: si_errno=0, si_code=1 (SEGV_MAPERR), si_addr=0x0000000000000000

Registers:
RAX=0x00000001285a3910, RBX=0x0000000000000000, RCX=0x7900c874fbe5c097, RDX=0x00007fff73d671f8
RSP=0x00007fff51611260, RBP=0x00007fff51611270, RSI=0x00007f8180500cf0, RDI=0x0000000000000000
R8 =0x00007fff51611110, R9 =0x00007fff74c0b300, R10=0x0000000000000000, R11=0x0000000000000246
R12=0x00007f818042ba00, R13=0x00000000000f426a, R14=0x00007f818075dcb0, R15=0x00007fff516113b0
RIP=0x0000000128571145, EFLAGS=0x0000000000010246, ERR=0x0000000000000004
  TRAPNO=0x000000000000000e

Top of Stack: (sp=0x00007fff51611260)
0x00007fff51611260:   00007fff51611270 00007fff51611440
0x00007fff51611270:   00007fff51611280 00007fff8b58d45c
0x00007fff51611280:   00007fff516115e0 00007fff8b47d634
0x00007fff51611290:   00007fff516112e0 0000000000001400
0x00007fff516112a0:   00007fff73c42ed0 00007f818040a450
0x00007fff516112b0:   0000000000001002 0000000000000270
0x00007fff516112c0:   00007f818040a450 00007f818075dcb0
0x00007fff516112d0:   0000000000000000 00007fff516113b0
0x00007fff516112e0:   0000000000000000 00007f818075dc70
0x00007fff516112f0:   00007fff51611430 000000000000001a
0x00007fff51611300:   00000000000f4291 00007f8180737a30
0x00007fff51611310:   00007f8180733450 00007f818042ba00
0x00007fff51611320:   0000000000000001 00000000000f426a
0x00007fff51611330:   00007f818042b9f0 00007fff845eaacb
0x00007fff51611340:   0000000000000001 0000000000000001
0x00007fff51611350:   0000000000000030 0000000000000001
0x00007fff51611360:   00007fff51611380 00007fff845f0231
0x00007fff51611370:   00007fff73c40fb0 0000000000000000
0x00007fff51611380:   00007fff516113a0 0000000000000004
0x00007fff51611390:   00003a038064ef30 00007f818042ba24
0x00007fff516113a0:   0000000000000000 00007fff8b47310f
0x00007fff516113b0:   00007f818075dcb0 00007fff73c40fb0
0x00007fff516113c0:   00007fff51611440 00007fff8b47bc3f
0x00007fff516113d0:   00007fff51611444 000000000019e601
0x00007fff516113e0:   000000010e609a00 0000000000000002
0x00007fff516113f0:   000000010e606000 00007f818072f0b2
0x00007fff51611400:   0000000000000003 000000010e60ae00
0x00007fff51611410:   00007fff51611500 00007fff845e92a2
0x00007fff51611420:   00007f8180732fe0 00007fff516115e8
0x00007fff51611430:   0000000000000017 0000000000000000
0x00007fff51611440:   00000000000f426a 00007fff8b473403
0x00007fff51611450:   00007fff00000000 00007f8180637260 

Instructions: (pc=0x0000000128571145)
0x0000000128571125:   48 83 ec 08 48 8d 05 d8 28 03 00 48 8b 00 48 85
0x0000000128571135:   c0 48 89 fb 75 2e 48 8d 05 ce 27 03 00 48 8b 30
0x0000000128571145:   48 8b 03 48 8d 15 88 90 01 00 48 8d 0d da 50 01
0x0000000128571155:   00 48 89 df ff 90 88 03 00 00 48 8d 0d a2 28 03 

Register to memory mapping:

RAX=0x00000001285a3910: jScreenClass+0 in /Library/Java/JavaVirtualMachines/jdk1.8.0.jdk/Contents/Home/jre/lib/libglass.dylib at 0x0000000128556000
RBX=0x0000000000000000 is an unknown value
RCX=0x7900c874fbe5c097 is an unknown value
RDX=0x00007fff73d671f8: __sFX+0x1c8 in /usr/lib/system/libsystem_c.dylib at 0x00007fff8c374000
RSP=0x00007fff51611260 is an unknown value
RBP=0x00007fff51611270 is an unknown value
RSI=0x00007f8180500cf0 is a global jni handle
RDI=0x0000000000000000 is an unknown value
R8 =0x00007fff51611110 is an unknown value
R9 =0x00007fff74c0b300: _thread+0 in /usr/lib/system/libsystem_pthread.dylib at 0x00007fff91601000
R10=0x0000000000000000 is an unknown value
R11=0x0000000000000246 is an unknown value
R12=0x00007f818042ba00 is an unknown value
R13=0x00000000000f426a is an unknown value
R14=0x00007f818075dcb0 is an unknown value
R15=0x00007fff516113b0 is an unknown value


Stack: [0x00007fff50e14000,0x00007fff51614000],  sp=0x00007fff51611260,  free space=8180k
Native frames: (J=compiled Java code, j=interpreted, Vv=VM code, C=native code)
C  [libglass.dylib+0x1b145]  GlassScreenDidChangeScreenParameters+0x25
C  [CoreFoundation+0x12045c]  __CFNOTIFICATIONCENTER_IS_CALLING_OUT_TO_AN_OBSERVER__+0xc
C  [CoreFoundation+0x10634]  _CFXNotificationPost+0xc44
C  [Foundation+0x79d1]  -[NSNotificationCenter postNotificationName:object:userInfo:]+0x42
C  [AppKit+0x40df7e]  -[NSApplication _reactToScreenInvalidationImmediately:]+0x17b
C  [AppKit+0x40ddc7]  __44-[NSApplication _reactToScreenInvalidation:]_block_invoke+0x4b
C  [CoreFoundation+0x808ec]  __CFRUNLOOP_IS_CALLING_OUT_TO_A_BLOCK__+0xc
C  [CoreFoundation+0x729f5]  __CFRunLoopDoBlocks+0x155
C  [CoreFoundation+0x72536]  __CFRunLoopRun+0x716
C  [CoreFoundation+0x71bd8]  CFRunLoopRunSpecific+0x128
C  [java+0x56db]  CreateExecutionEnvironment+0x367
C  [java+0x167c]  JLI_Launch+0x7a0
C  [java+0x7699]  main+0x65
C  [java+0xed4]  start+0x34


---------------  P R O C E S S  ---------------

VM state:not at safepoint (normal execution)

VM Mutex/Monitor currently owned by a thread: None

Heap:
 PSYoungGen      total 5120K, used 1876K [0x0000000795580000, 0x0000000795e80000, 0x00000007c0000000)
  eden space 3584K, 38% used [0x0000000795580000,0x00000007956dd0a8,0x0000000795900000)
  from space 1536K, 31% used [0x0000000795900000,0x0000000795978020,0x0000000795a80000)
  to   space 1024K, 0% used [0x0000000795d80000,0x0000000795d80000,0x0000000795e80000)
 ParOldGen       total 129536K, used 1144K [0x0000000740000000, 0x0000000747e80000, 0x0000000795580000)
  object space 129536K, 0% used [0x0000000740000000,0x000000074011e060,0x0000000747e80000)
 Metaspace       used 6729K, capacity 7300K, committed 7552K, reserved 1056768K
  class space    used 805K, capacity 888K, committed 896K, reserved 1048576K

Card table byte_map: [0x000000011f382000,0x000000011f783000] byte_map_base: 0x000000011b982000

Marking Bits: (ParMarkBitMap*) 0x000000010f8660a0
 Begin Bits: [0x000000011fe3a000, 0x0000000121e3a000)
 End Bits:   [0x0000000121e3a000, 0x0000000123e3a000)

Polling page: 0x000000010e743000

CodeCache: size=245760Kb used=2048Kb max_used=2048Kb free=243711Kb
 bounds [0x000000010ffc2000, 0x0000000110232000, 0x000000011efc2000]
 total_blobs=751 nmethods=391 adapters=276
 compilation: enabled

Compilation events (10 events):
Event: 0.674 Thread 0x00007f8182039800 nmethod 382 0x00000001101c0910 code [0x00000001101c0b80, 0x00000001101c19a8]
Event: 0.674 Thread 0x00007f8182039800  385       3       sun.nio.cs.UTF_8$Encoder::encodeLoop (28 bytes)
Event: 0.675 Thread 0x00007f8182039800 nmethod 385 0x00000001101bd8d0 code [0x00000001101bda60, 0x00000001101bdf78]
Event: 0.675 Thread 0x00007f8182039800  386       3       java.io.OutputStreamWriter::flushBuffer (8 bytes)
Event: 0.676 Thread 0x00007f8182039800 nmethod 386 0x00000001101b4b90 code [0x00000001101b4d00, 0x00000001101b4e88]
Event: 0.676 Thread 0x00007f8182039800  387   !   3       sun.nio.cs.StreamEncoder::flushBuffer (42 bytes)
Event: 0.677 Thread 0x00007f8182039800 nmethod 387 0x00000001101c21d0 code [0x00000001101c2360, 0x00000001101c28d8]
Event: 0.677 Thread 0x00007f8182039800  388       3       sun.nio.cs.StreamEncoder::implFlushBuffer (15 bytes)
Event: 0.677 Thread 0x00007f8182039800 nmethod 388 0x00000001101b4710 code [0x00000001101b4880, 0x00000001101b4ae8]
Event: 0.677 Thread 0x00007f8182039800  389       3       sun.nio.cs.StreamEncoder::writeBytes (132 bytes)

GC Heap History (10 events):
Event: 0.181 GC heap before
{Heap before GC invocations=3 (full 0):
 PSYoungGen      total 1536K, used 1517K [0x0000000795580000, 0x0000000795780000, 0x00000007c0000000)
  eden space 1024K, 99% used [0x0000000795580000,0x000000079567f790,0x0000000795680000)
  from space 512K, 96% used [0x0000000795700000,0x000000079577c010,0x0000000795780000)
  to   space 512K, 0% used [0x0000000795680000,0x0000000795680000,0x0000000795700000)
 ParOldGen       total 129536K, used 72K [0x0000000740000000, 0x0000000747e80000, 0x0000000795580000)
  object space 129536K, 0% used [0x0000000740000000,0x0000000740012000,0x0000000747e80000)
 Metaspace       used 3244K, capacity 4886K, committed 5120K, reserved 1056768K
  class space    used 359K, capacity 458K, committed 512K, reserved 1048576K
Event: 0.182 GC heap after
Heap after GC invocations=3 (full 0):
 PSYoungGen      total 1536K, used 480K [0x0000000795580000, 0x0000000795880000, 0x00000007c0000000)
  eden space 1024K, 0% used [0x0000000795580000,0x0000000795580000,0x0000000795680000)
  from space 512K, 93% used [0x0000000795680000,0x00000007956f8020,0x0000000795700000)
  to   space 512K, 0% used [0x0000000795800000,0x0000000795800000,0x0000000795880000)
 ParOldGen       total 129536K, used 176K [0x0000000740000000, 0x0000000747e80000, 0x0000000795580000)
  object space 129536K, 0% used [0x0000000740000000,0x000000074002c000,0x0000000747e80000)
 Metaspace       used 3244K, capacity 4886K, committed 5120K, reserved 1056768K
  class space    used 359K, capacity 458K, committed 512K, reserved 1048576K
}
Event: 0.235 GC heap before
{Heap before GC invocations=4 (full 0):
 PSYoungGen      total 1536K, used 1504K [0x0000000795580000, 0x0000000795880000, 0x00000007c0000000)
  eden space 1024K, 100% used [0x0000000795580000,0x0000000795680000,0x0000000795680000)
  from space 512K, 93% used [0x0000000795680000,0x00000007956f8020,0x0000000795700000)
  to   space 512K, 0% used [0x0000000795800000,0x0000000795800000,0x0000000795880000)
 ParOldGen       total 129536K, used 176K [0x0000000740000000, 0x0000000747e80000, 0x0000000795580000)
  object space 129536K, 0% used [0x0000000740000000,0x000000074002c000,0x0000000747e80000)
 Metaspace       used 3910K, capacity 5302K, committed 5376K, reserved 1056768K
  class space    used 436K, capacity 490K, committed 512K, reserved 1048576K
Event: 0.237 GC heap after
Heap after GC invocations=4 (full 0):
 PSYoungGen      total 2560K, used 496K [0x0000000795580000, 0x0000000795880000, 0x00000007c0000000)
  eden space 2048K, 0% used [0x0000000795580000,0x0000000795580000,0x0000000795780000)
  from space 512K, 96% used [0x0000000795800000,0x000000079587c010,0x0000000795880000)
  to   space 512K, 0% used [0x0000000795780000,0x0000000795780000,0x0000000795800000)
 ParOldGen       total 129536K, used 240K [0x0000000740000000, 0x0000000747e80000, 0x0000000795580000)
  object space 129536K, 0% used [0x0000000740000000,0x000000074003c000,0x0000000747e80000)
 Metaspace       used 3910K, capacity 5302K, committed 5376K, reserved 1056768K
  class space    used 436K, capacity 490K, committed 512K, reserved 1048576K
}
Event: 0.433 GC heap before
{Heap before GC invocations=5 (full 0):
 PSYoungGen      total 2560K, used 2544K [0x0000000795580000, 0x0000000795880000, 0x00000007c0000000)
  eden space 2048K, 100% used [0x0000000795580000,0x0000000795780000,0x0000000795780000)
  from space 512K, 96% used [0x0000000795800000,0x000000079587c010,0x0000000795880000)
  to   space 512K, 0% used [0x0000000795780000,0x0000000795780000,0x0000000795800000)
 ParOldGen       total 129536K, used 240K [0x0000000740000000, 0x0000000747e80000, 0x0000000795580000)
  object space 129536K, 0% used [0x0000000740000000,0x000000074003c000,0x0000000747e80000)
 Metaspace       used 4666K, capacity 5942K, committed 6272K, reserved 1056768K
  class space    used 517K, capacity 554K, committed 640K, reserved 1048576K
Event: 0.434 GC heap after
Heap after GC invocations=5 (full 0):
 PSYoungGen      total 2560K, used 480K [0x0000000795580000, 0x0000000795b80000, 0x00000007c0000000)
  eden space 2048K, 0% used [0x0000000795580000,0x0000000795580000,0x0000000795780000)
  from space 512K, 93% used [0x0000000795780000,0x00000007957f8010,0x0000000795800000)
  to   space 1024K, 0% used [0x0000000795a80000,0x0000000795a80000,0x0000000795b80000)
 ParOldGen       total 129536K, used 872K [0x0000000740000000, 0x0000000747e80000, 0x0000000795580000)
  object space 129536K, 0% used [0x0000000740000000,0x00000007400da010,0x0000000747e80000)
 Metaspace       used 4666K, capacity 5942K, committed 6272K, reserved 1056768K
  class space    used 517K, capacity 554K, committed 640K, reserved 1048576K
}
Event: 0.507 GC heap before
{Heap before GC invocations=6 (full 0):
 PSYoungGen      total 2560K, used 2528K [0x0000000795580000, 0x0000000795b80000, 0x00000007c0000000)
  eden space 2048K, 100% used [0x0000000795580000,0x0000000795780000,0x0000000795780000)
  from space 512K, 93% used [0x0000000795780000,0x00000007957f8010,0x0000000795800000)
  to   space 1024K, 0% used [0x0000000795a80000,0x0000000795a80000,0x0000000795b80000)
 ParOldGen       total 129536K, used 872K [0x0000000740000000, 0x0000000747e80000, 0x0000000795580000)
  object space 129536K, 0% used [0x0000000740000000,0x00000007400da010,0x0000000747e80000)
 Metaspace       used 6230K, capacity 6878K, committed 7040K, reserved 1056768K
  class space    used 744K, capacity 786K, committed 896K, reserved 1048576K
Event: 0.508 GC heap after
Heap after GC invocations=6 (full 0):
 PSYoungGen      total 4608K, used 784K [0x0000000795580000, 0x0000000795c80000, 0x00000007c0000000)
  eden space 3584K, 0% used [0x0000000795580000,0x0000000795580000,0x0000000795900000)
  from space 1024K, 76% used [0x0000000795a80000,0x0000000795b44030,0x0000000795b80000)
  to   space 1536K, 0% used [0x0000000795900000,0x0000000795900000,0x0000000795a80000)
 ParOldGen       total 129536K, used 880K [0x0000000740000000, 0x0000000747e80000, 0x0000000795580000)
  object space 129536K, 0% used [0x0000000740000000,0x00000007400dc010,0x0000000747e80000)
 Metaspace       used 6230K, capacity 6878K, committed 7040K, reserved 1056768K
  class space    used 744K, capacity 786K, committed 896K, reserved 1048576K
}
Event: 0.632 GC heap before
{Heap before GC invocations=7 (full 0):
 PSYoungGen      total 4608K, used 4368K [0x0000000795580000, 0x0000000795c80000, 0x00000007c0000000)
  eden space 3584K, 100% used [0x0000000795580000,0x0000000795900000,0x0000000795900000)
  from space 1024K, 76% used [0x0000000795a80000,0x0000000795b44030,0x0000000795b80000)
  to   space 1536K, 0% used [0x0000000795900000,0x0000000795900000,0x0000000795a80000)
 ParOldGen       total 129536K, used 880K [0x0000000740000000, 0x0000000747e80000, 0x0000000795580000)
  object space 129536K, 0% used [0x0000000740000000,0x00000007400dc010,0x0000000747e80000)
 Metaspace       used 6611K, capacity 7268K, committed 7552K, reserved 1056768K
  class space    used 791K, capacity 856K, committed 896K, reserved 1048576K
Event: 0.635 GC heap after
Heap after GC invocations=7 (full 0):
 PSYoungGen      total 5120K, used 480K [0x0000000795580000, 0x0000000795e80000, 0x00000007c0000000)
  eden space 3584K, 0% used [0x0000000795580000,0x0000000795580000,0x0000000795900000)
  from space 1536K, 31% used [0x0000000795900000,0x0000000795978020,0x0000000795a80000)
  to   space 1024K, 0% used [0x0000000795d80000,0x0000000795d80000,0x0000000795e80000)
 ParOldGen       total 129536K, used 1144K [0x0000000740000000, 0x0000000747e80000, 0x0000000795580000)
  object space 129536K, 0% used [0x0000000740000000,0x000000074011e060,0x0000000747e80000)
 Metaspace       used 6611K, capacity 7268K, committed 7552K, reserved 1056768K
  class space    used 791K, capacity 856K, committed 896K, reserved 1048576K
}

Deoptimization events (0 events):
No events

Internal exceptions (10 events):
Event: 0.546 Thread 0x00007f81820a0800 Exception <a 'java/security/PrivilegedActionException'> (0x00000007956ab2e8) thrown at [/HUDSON/workspace/8-2-build-macosx-x86_64/jdk8/2238/hotspot/src/share/vm/prims/jvm.cpp, line 1248]
Event: 0.546 Thread 0x00007f81820a0800 Exception <a 'java/security/PrivilegedActionException'> (0x00000007956add68) thrown at [/HUDSON/workspace/8-2-build-macosx-x86_64/jdk8/2238/hotspot/src/share/vm/prims/jvm.cpp, line 1248]
Event: 0.547 Thread 0x00007f81820a0800 Exception <a 'java/security/PrivilegedActionException'> (0x00000007956b10c0) thrown at [/HUDSON/workspace/8-2-build-macosx-x86_64/jdk8/2238/hotspot/src/share/vm/prims/jvm.cpp, line 1248]
Event: 0.547 Thread 0x00007f81820a0800 Exception <a 'java/security/PrivilegedActionException'> (0x00000007956b4158) thrown at [/HUDSON/workspace/8-2-build-macosx-x86_64/jdk8/2238/hotspot/src/share/vm/prims/jvm.cpp, line 1248]
Event: 0.548 Thread 0x00007f81820a0800 Exception <a 'java/security/PrivilegedActionException'> (0x00000007956b9870) thrown at [/HUDSON/workspace/8-2-build-macosx-x86_64/jdk8/2238/hotspot/src/share/vm/prims/jvm.cpp, line 1248]
Event: 0.560 Thread 0x00007f81820a0800 StackOverflowError at 0x00000001101a0fe0
Event: 0.561 Thread 0x00007f81820a0800 Exception <a 'java/lang/StackOverflowError'> (0x00000007958c1820) thrown at [/HUDSON/workspace/8-2-build-macosx-x86_64/jdk8/2238/hotspot/src/share/vm/runtime/sharedRuntime.cpp, line 595]
Event: 0.575 Thread 0x00007f81820a0800 Exception <a 'java/lang/reflect/InvocationTargetException'> (0x00000007958c4a68) thrown at [/HUDSON/workspace/8-2-build-macosx-x86_64/jdk8/2238/hotspot/src/share/vm/runtime/reflection.cpp, line 1079]
Event: 0.575 Thread 0x00007f81820a0800 Exception <a 'java/lang/StackOverflowError'> (0x00000007958c1820) thrown at [/HUDSON/workspace/8-2-build-macosx-x86_64/jdk8/2238/hotspot/src/share/vm/prims/jni.cpp, line 716]
Event: 0.627 Thread 0x00007f8181000800 Exception <a 'java/lang/reflect/InvocationTargetException'> (0x00000007958e3950) thrown at [/HUDSON/workspace/8-2-build-macosx-x86_64/jdk8/2238/hotspot/src/share/vm/runtime/reflection.cpp, line 1079]

Events (10 events):
Event: 0.676 loading class sun/util/locale/provider/LocaleProviderAdapter$Type
Event: 0.676 loading class sun/util/locale/provider/LocaleProviderAdapter$Type done
Event: 0.677 loading class sun/util/locale/provider/LocaleProviderAdapter$1
Event: 0.677 loading class sun/util/locale/provider/LocaleProviderAdapter$1 done
Event: 0.677 loading class sun/util/locale/provider/DecimalFormatSymbolsProviderImpl
Event: 0.677 loading class sun/util/locale/provider/AvailableLanguageTags
Event: 0.677 loading class sun/util/locale/provider/AvailableLanguageTags done
Event: 0.677 loading class sun/util/locale/provider/DecimalFormatSymbolsProviderImpl done
Event: 0.678 loading class sun/util/locale/provider/LocaleDataMetaInfo
Event: 0.678 loading class sun/util/locale/provider/LocaleDataMetaInfo done


Dynamic libraries:
0x0000000002899000 	/System/Library/Frameworks/Cocoa.framework/Versions/A/Cocoa
0x0000000002899000 	/System/Library/Frameworks/Security.framework/Versions/A/Security
0x0000000002899000 	/System/Library/Frameworks/ApplicationServices.framework/Versions/A/ApplicationServices
0x0000000002899000 	/usr/lib/libz.1.dylib
0x0000000002899000 	/usr/lib/libSystem.B.dylib
0x0000000002899000 	/usr/lib/libobjc.A.dylib
0x0000000002899000 	/System/Library/Frameworks/CoreFoundation.framework/Versions/A/CoreFoundation
0x0000000002899000 	/System/Library/Frameworks/Foundation.framework/Versions/C/Foundation
0x0000000002899000 	/System/Library/Frameworks/AppKit.framework/Versions/C/AppKit
0x0000000002899000 	/System/Library/Frameworks/CoreData.framework/Versions/A/CoreData
0x0000000002899000 	/System/Library/PrivateFrameworks/RemoteViewServices.framework/Versions/A/RemoteViewServices
0x0000000002899000 	/System/Library/PrivateFrameworks/UIFoundation.framework/Versions/A/UIFoundation
0x0000000002899000 	/System/Library/Frameworks/IOSurface.framework/Versions/A/IOSurface
0x0000000002899000 	/System/Library/Frameworks/AudioToolbox.framework/Versions/A/AudioToolbox
0x0000000002899000 	/System/Library/Frameworks/AudioUnit.framework/Versions/A/AudioUnit
0x0000000002899000 	/System/Library/PrivateFrameworks/DataDetectorsCore.framework/Versions/A/DataDetectorsCore
0x0000000002899000 	/System/Library/PrivateFrameworks/DesktopServicesPriv.framework/Versions/A/DesktopServicesPriv
0x0000000002899000 	/System/Library/Frameworks/Carbon.framework/Versions/A/Frameworks/HIToolbox.framework/Versions/A/HIToolbox
0x0000000002899000 	/System/Library/Frameworks/QuartzCore.framework/Versions/A/QuartzCore
0x0000000002899000 	/System/Library/Frameworks/Carbon.framework/Versions/A/Frameworks/SpeechRecognition.framework/Versions/A/SpeechRecognition
0x0000000002899000 	/usr/lib/libauto.dylib
0x0000000002899000 	/usr/lib/libicucore.A.dylib
0x0000000002899000 	/usr/lib/libxml2.2.dylib
0x0000000002899000 	/System/Library/PrivateFrameworks/CoreUI.framework/Versions/A/CoreUI
0x0000000002899000 	/System/Library/Frameworks/CoreAudio.framework/Versions/A/CoreAudio
0x0000000002899000 	/System/Library/Frameworks/DiskArbitration.framework/Versions/A/DiskArbitration
0x0000000002899000 	/usr/lib/liblangid.dylib
0x0000000002899000 	/System/Library/PrivateFrameworks/MultitouchSupport.framework/Versions/A/MultitouchSupport
0x0000000002899000 	/System/Library/Frameworks/IOKit.framework/Versions/A/IOKit
0x0000000002899000 	/usr/lib/libDiagnosticMessagesClient.dylib
0x0000000002899000 	/System/Library/Frameworks/CoreServices.framework/Versions/A/CoreServices
0x0000000002899000 	/System/Library/PrivateFrameworks/PerformanceAnalysis.framework/Versions/A/PerformanceAnalysis
0x0000000002899000 	/System/Library/PrivateFrameworks/GenerationalStorage.framework/Versions/A/GenerationalStorage
0x0000000002899000 	/System/Library/Frameworks/OpenGL.framework/Versions/A/OpenGL
0x0000000002899000 	/System/Library/PrivateFrameworks/Sharing.framework/Versions/A/Sharing
0x0000000002899000 	/System/Library/Frameworks/CoreGraphics.framework/Versions/A/CoreGraphics
0x0000000002899000 	/System/Library/Frameworks/CoreText.framework/Versions/A/CoreText
0x0000000002899000 	/System/Library/Frameworks/ImageIO.framework/Versions/A/ImageIO
0x0000000002899000 	/usr/lib/libextension.dylib
0x0000000002899000 	/System/Library/PrivateFrameworks/Backup.framework/Versions/A/Backup
0x0000000002899000 	/usr/lib/libarchive.2.dylib
0x0000000002899000 	/System/Library/Frameworks/CFNetwork.framework/Versions/A/CFNetwork
0x0000000002899000 	/System/Library/Frameworks/SystemConfiguration.framework/Versions/A/SystemConfiguration
0x0000000002899000 	/usr/lib/libCRFSuite.dylib
0x0000000002899000 	/usr/lib/libc++.1.dylib
0x0000000002899000 	/usr/lib/libc++abi.dylib
0x0000000002899000 	/usr/lib/system/libcache.dylib
0x0000000002899000 	/usr/lib/system/libcommonCrypto.dylib
0x0000000002899000 	/usr/lib/system/libcompiler_rt.dylib
0x0000000002899000 	/usr/lib/system/libcopyfile.dylib
0x0000000002899000 	/usr/lib/system/libcorecrypto.dylib
0x0000000002899000 	/usr/lib/system/libdispatch.dylib
0x0000000002899000 	/usr/lib/system/libdyld.dylib
0x0000000002899000 	/usr/lib/system/libkeymgr.dylib
0x0000000002899000 	/usr/lib/system/liblaunch.dylib
0x0000000002899000 	/usr/lib/system/libmacho.dylib
0x0000000002899000 	/usr/lib/system/libquarantine.dylib
0x0000000002899000 	/usr/lib/system/libremovefile.dylib
0x0000000002899000 	/usr/lib/system/libsystem_asl.dylib
0x0000000002899000 	/usr/lib/system/libsystem_blocks.dylib
0x0000000002899000 	/usr/lib/system/libsystem_c.dylib
0x0000000002899000 	/usr/lib/system/libsystem_configuration.dylib
0x0000000002899000 	/usr/lib/system/libsystem_coreservices.dylib
0x0000000002899000 	/usr/lib/system/libsystem_coretls.dylib
0x0000000002899000 	/usr/lib/system/libsystem_dnssd.dylib
0x0000000002899000 	/usr/lib/system/libsystem_info.dylib
0x0000000002899000 	/usr/lib/system/libsystem_kernel.dylib
0x0000000002899000 	/usr/lib/system/libsystem_m.dylib
0x0000000002899000 	/usr/lib/system/libsystem_malloc.dylib
0x0000000002899000 	/usr/lib/system/libsystem_network.dylib
0x0000000002899000 	/usr/lib/system/libsystem_networkextension.dylib
0x0000000002899000 	/usr/lib/system/libsystem_notify.dylib
0x0000000002899000 	/usr/lib/system/libsystem_platform.dylib
0x0000000002899000 	/usr/lib/system/libsystem_pthread.dylib
0x0000000002899000 	/usr/lib/system/libsystem_sandbox.dylib
0x0000000002899000 	/usr/lib/system/libsystem_secinit.dylib
0x0000000002899000 	/usr/lib/system/libsystem_stats.dylib
0x0000000002899000 	/usr/lib/system/libsystem_trace.dylib
0x0000000002899000 	/usr/lib/system/libunc.dylib
0x0000000002899000 	/usr/lib/system/libunwind.dylib
0x0000000002899000 	/usr/lib/system/libxpc.dylib
0x0000000002899000 	/usr/lib/libbz2.1.0.dylib
0x0000000002899000 	/usr/lib/liblzma.5.dylib
0x0000000002899000 	/usr/lib/libbsm.0.dylib
0x0000000002899000 	/usr/lib/libsqlite3.dylib
0x0000000002899000 	/usr/lib/system/libkxld.dylib
0x0000000002899000 	/usr/lib/libxar.1.dylib
0x0000000002899000 	/usr/lib/libpam.2.dylib
0x0000000002899000 	/usr/lib/libOpenScriptingUtil.dylib
0x0000000002899000 	/System/Library/Frameworks/CoreServices.framework/Versions/A/Frameworks/FSEvents.framework/Versions/A/FSEvents
0x0000000002899000 	/System/Library/Frameworks/CoreServices.framework/Versions/A/Frameworks/CarbonCore.framework/Versions/A/CarbonCore
0x0000000002899000 	/System/Library/Frameworks/CoreServices.framework/Versions/A/Frameworks/Metadata.framework/Versions/A/Metadata
0x0000000002899000 	/System/Library/Frameworks/CoreServices.framework/Versions/A/Frameworks/OSServices.framework/Versions/A/OSServices
0x0000000002899000 	/System/Library/Frameworks/CoreServices.framework/Versions/A/Frameworks/SearchKit.framework/Versions/A/SearchKit
0x0000000002899000 	/System/Library/Frameworks/CoreServices.framework/Versions/A/Frameworks/AE.framework/Versions/A/AE
0x0000000002899000 	/System/Library/Frameworks/CoreServices.framework/Versions/A/Frameworks/LaunchServices.framework/Versions/A/LaunchServices
0x0000000002899000 	/System/Library/Frameworks/CoreServices.framework/Versions/A/Frameworks/DictionaryServices.framework/Versions/A/DictionaryServices
0x0000000002899000 	/System/Library/Frameworks/NetFS.framework/Versions/A/NetFS
0x0000000002899000 	/System/Library/PrivateFrameworks/NetAuth.framework/Versions/A/NetAuth
0x0000000002899000 	/System/Library/PrivateFrameworks/login.framework/Versions/A/Frameworks/loginsupport.framework/Versions/A/loginsupport
0x0000000002899000 	/System/Library/PrivateFrameworks/TCC.framework/Versions/A/TCC
0x0000000002899000 	/usr/lib/libmecabra.dylib
0x0000000002899000 	/System/Library/Frameworks/ApplicationServices.framework/Versions/A/Frameworks/ATS.framework/Versions/A/ATS
0x0000000002899000 	/System/Library/Frameworks/ApplicationServices.framework/Versions/A/Frameworks/ColorSync.framework/Versions/A/ColorSync
0x0000000002899000 	/System/Library/Frameworks/ApplicationServices.framework/Versions/A/Frameworks/HIServices.framework/Versions/A/HIServices
0x0000000002899000 	/System/Library/Frameworks/ApplicationServices.framework/Versions/A/Frameworks/LangAnalysis.framework/Versions/A/LangAnalysis
0x0000000002899000 	/System/Library/Frameworks/ApplicationServices.framework/Versions/A/Frameworks/PrintCore.framework/Versions/A/PrintCore
0x0000000002899000 	/System/Library/Frameworks/ApplicationServices.framework/Versions/A/Frameworks/QD.framework/Versions/A/QD
0x0000000002899000 	/System/Library/Frameworks/ApplicationServices.framework/Versions/A/Frameworks/SpeechSynthesis.framework/Versions/A/SpeechSynthesis
0x0000000002899000 	/System/Library/Frameworks/Accelerate.framework/Versions/A/Accelerate
0x0000000002899000 	/System/Library/Frameworks/Accelerate.framework/Versions/A/Frameworks/vImage.framework/Versions/A/vImage
0x0000000002899000 	/System/Library/Frameworks/Accelerate.framework/Versions/A/Frameworks/vecLib.framework/Versions/A/vecLib
0x0000000002899000 	/System/Library/Frameworks/Accelerate.framework/Versions/A/Frameworks/vecLib.framework/Versions/A/libvDSP.dylib
0x0000000002899000 	/System/Library/Frameworks/Accelerate.framework/Versions/A/Frameworks/vecLib.framework/Versions/A/libvMisc.dylib
0x0000000002899000 	/System/Library/Frameworks/Accelerate.framework/Versions/A/Frameworks/vecLib.framework/Versions/A/libLAPACK.dylib
0x0000000002899000 	/System/Library/Frameworks/Accelerate.framework/Versions/A/Frameworks/vecLib.framework/Versions/A/libBLAS.dylib
0x0000000002899000 	/System/Library/Frameworks/Accelerate.framework/Versions/A/Frameworks/vecLib.framework/Versions/A/libLinearAlgebra.dylib
0x0000000002899000 	/System/Library/Frameworks/ApplicationServices.framework/Versions/A/Frameworks/ATS.framework/Versions/A/Resources/libFontParser.dylib
0x0000000002899000 	/System/Library/Frameworks/ApplicationServices.framework/Versions/A/Frameworks/ATS.framework/Versions/A/Resources/libFontRegistry.dylib
0x0000000002899000 	/System/Library/PrivateFrameworks/AppleVPA.framework/Versions/A/AppleVPA
0x0000000002899000 	/System/Library/PrivateFrameworks/AppleJPEG.framework/Versions/A/AppleJPEG
0x0000000002899000 	/System/Library/Frameworks/ImageIO.framework/Versions/A/Resources/libJPEG.dylib
0x0000000002899000 	/System/Library/Frameworks/ImageIO.framework/Versions/A/Resources/libTIFF.dylib
0x0000000002899000 	/System/Library/Frameworks/ImageIO.framework/Versions/A/Resources/libPng.dylib
0x0000000002899000 	/System/Library/Frameworks/ImageIO.framework/Versions/A/Resources/libGIF.dylib
0x0000000002899000 	/System/Library/Frameworks/ImageIO.framework/Versions/A/Resources/libJP2.dylib
0x0000000002899000 	/System/Library/Frameworks/ImageIO.framework/Versions/A/Resources/libRadiance.dylib
0x0000000002899000 	/System/Library/Frameworks/CoreVideo.framework/Versions/A/CoreVideo
0x0000000002899000 	/System/Library/Frameworks/OpenGL.framework/Versions/A/Libraries/libGLU.dylib
0x0000000002899000 	/System/Library/Frameworks/OpenGL.framework/Versions/A/Libraries/libGFXShared.dylib
0x0000000002899000 	/System/Library/Frameworks/OpenGL.framework/Versions/A/Libraries/libGL.dylib
0x0000000002899000 	/System/Library/Frameworks/OpenGL.framework/Versions/A/Libraries/libGLImage.dylib
0x0000000002899000 	/System/Library/Frameworks/OpenGL.framework/Versions/A/Libraries/libCVMSPluginSupport.dylib
0x0000000002899000 	/System/Library/Frameworks/OpenGL.framework/Versions/A/Libraries/libCoreVMClient.dylib
0x0000000002899000 	/usr/lib/libcups.2.dylib
0x0000000002899000 	/System/Library/Frameworks/Kerberos.framework/Versions/A/Kerberos
0x0000000002899000 	/System/Library/Frameworks/GSS.framework/Versions/A/GSS
0x0000000002899000 	/usr/lib/libresolv.9.dylib
0x0000000002899000 	/usr/lib/libiconv.2.dylib
0x0000000002899000 	/System/Library/PrivateFrameworks/Heimdal.framework/Versions/A/Heimdal
0x0000000002899000 	/usr/lib/libheimdal-asn1.dylib
0x0000000002899000 	/System/Library/Frameworks/OpenDirectory.framework/Versions/A/OpenDirectory
0x0000000002899000 	/System/Library/PrivateFrameworks/CommonAuth.framework/Versions/A/CommonAuth
0x0000000002899000 	/System/Library/Frameworks/OpenDirectory.framework/Versions/A/Frameworks/CFOpenDirectory.framework/Versions/A/CFOpenDirectory
0x0000000002899000 	/System/Library/Frameworks/SecurityFoundation.framework/Versions/A/SecurityFoundation
0x0000000002899000 	/System/Library/PrivateFrameworks/LanguageModeling.framework/Versions/A/LanguageModeling
0x0000000002899000 	/usr/lib/libcmph.dylib
0x0000000002899000 	/System/Library/Frameworks/ServiceManagement.framework/Versions/A/ServiceManagement
0x0000000002899000 	/usr/lib/libxslt.1.dylib
0x0000000002899000 	/System/Library/Frameworks/Carbon.framework/Versions/A/Frameworks/Ink.framework/Versions/A/Ink
0x0000000002899000 	/System/Library/Frameworks/QuartzCore.framework/Versions/A/Frameworks/CoreImage.framework/Versions/A/CoreImage
0x0000000002899000 	/System/Library/PrivateFrameworks/CrashReporterSupport.framework/Versions/A/CrashReporterSupport
0x0000000002899000 	/System/Library/Frameworks/OpenCL.framework/Versions/A/OpenCL
0x0000000002899000 	/System/Library/PrivateFrameworks/FaceCore.framework/Versions/A/FaceCore
0x0000000002899000 	/System/Library/PrivateFrameworks/Ubiquity.framework/Versions/A/Ubiquity
0x0000000002899000 	/System/Library/PrivateFrameworks/IconServices.framework/Versions/A/IconServices
0x0000000002899000 	/System/Library/PrivateFrameworks/ChunkingLibrary.framework/Versions/A/ChunkingLibrary
0x0000000002899000 	/System/Library/PrivateFrameworks/Apple80211.framework/Versions/A/Apple80211
0x0000000002899000 	/System/Library/Frameworks/CoreWLAN.framework/Versions/A/CoreWLAN
0x0000000002899000 	/System/Library/Frameworks/IOBluetooth.framework/Versions/A/IOBluetooth
0x0000000002899000 	/System/Library/PrivateFrameworks/CoreWiFi.framework/Versions/A/CoreWiFi
0x0000000002899000 	/System/Library/Frameworks/CoreBluetooth.framework/Versions/A/CoreBluetooth
0x0000000002899000 	/System/Library/PrivateFrameworks/DebugSymbols.framework/Versions/A/DebugSymbols
0x0000000002899000 	/System/Library/PrivateFrameworks/CoreSymbolication.framework/Versions/A/CoreSymbolication
0x0000000002899000 	/System/Library/PrivateFrameworks/Symbolication.framework/Versions/A/Symbolication
0x0000000002899000 	/System/Library/PrivateFrameworks/SpeechRecognitionCore.framework/Versions/A/SpeechRecognitionCore
0x000000010f000000 	/Library/Java/JavaVirtualMachines/jdk1.8.0.jdk/Contents/Home/jre/lib/server/libjvm.dylib
0x0000000002899000 	/usr/lib/libstdc++.6.dylib
0x000000010e701000 	/Library/Java/JavaVirtualMachines/jdk1.8.0.jdk/Contents/Home/jre/lib/libverify.dylib
0x000000010e70f000 	/Library/Java/JavaVirtualMachines/jdk1.8.0.jdk/Contents/Home/jre/lib/libjava.dylib
0x000000010e74d000 	/Library/Java/JavaVirtualMachines/jdk1.8.0.jdk/Contents/Home/jre/lib/libzip.dylib
0x0000000125f94000 	/System/Library/Frameworks/JavaVM.framework/Frameworks/JavaRuntimeSupport.framework/JavaRuntimeSupport
0x0000000125fac000 	/System/Library/Frameworks/JavaVM.framework/Versions/A/Frameworks/JavaNativeFoundation.framework/Versions/A/JavaNativeFoundation
0x0000000125fc1000 	/System/Library/Frameworks/JavaVM.framework/Versions/A/JavaVM
0x0000000002899000 	/System/Library/Frameworks/Carbon.framework/Versions/A/Carbon
0x0000000125fce000 	/System/Library/PrivateFrameworks/JavaLaunching.framework/Versions/A/JavaLaunching
0x0000000002899000 	/System/Library/Frameworks/Carbon.framework/Versions/A/Frameworks/CommonPanels.framework/Versions/A/CommonPanels
0x0000000002899000 	/System/Library/Frameworks/Carbon.framework/Versions/A/Frameworks/Help.framework/Versions/A/Help
0x0000000002899000 	/System/Library/Frameworks/Carbon.framework/Versions/A/Frameworks/ImageCapture.framework/Versions/A/ImageCapture
0x0000000002899000 	/System/Library/Frameworks/Carbon.framework/Versions/A/Frameworks/OpenScripting.framework/Versions/A/OpenScripting
0x0000000002899000 	/System/Library/Frameworks/Carbon.framework/Versions/A/Frameworks/Print.framework/Versions/A/Print
0x0000000002899000 	/System/Library/Frameworks/Carbon.framework/Versions/A/Frameworks/SecurityHI.framework/Versions/A/SecurityHI
0x0000000128023000 	/Library/Java/JavaVirtualMachines/jdk1.8.0.jdk/Contents/Home/jre/lib/libprism_es2.dylib
0x0000000002899000 	/System/Library/Frameworks/OpenGL.framework/Versions/A/Resources/GLEngine.bundle/GLEngine
0x0000000002899000 	/System/Library/Frameworks/OpenGL.framework/Versions/A/Libraries/libGLProgrammability.dylib
0x0000000000000000 	/System/Library/Extensions/AppleIntelHD5000GraphicsGLDriver.bundle/Contents/MacOS/AppleIntelHD5000GraphicsGLDriver
0x0000000002899000 	/System/Library/PrivateFrameworks/IOAccelerator.framework/Versions/A/IOAccelerator
0x0000000002899000 	/System/Library/PrivateFrameworks/GPUSupport.framework/Versions/A/Libraries/libGPUSupportMercury.dylib
0x0000000002899000 	/System/Library/Frameworks/OpenGL.framework/Versions/A/Resources/GLRendererFloat.bundle/GLRendererFloat
0x0000000002899000 	/System/Library/Frameworks/OpenCL.framework/Versions/A/Libraries/libcldcpuengine.dylib
0x0000000002899000 	/System/Library/PrivateFrameworks/DiskImages.framework/Versions/A/DiskImages
0x0000000002899000 	/System/Library/Frameworks/DiscRecording.framework/Versions/A/DiscRecording
0x0000000002899000 	/usr/lib/libcsfde.dylib
0x0000000002899000 	/usr/lib/libcurl.4.dylib
0x0000000002899000 	/System/Library/PrivateFrameworks/MediaKit.framework/Versions/A/MediaKit
0x0000000002899000 	/System/Library/PrivateFrameworks/ProtectedCloudStorage.framework/Versions/A/ProtectedCloudStorage
0x0000000002899000 	/usr/lib/libCoreStorage.dylib
0x0000000002899000 	/System/Library/PrivateFrameworks/EFILogin.framework/Versions/A/EFILogin
0x0000000002899000 	/usr/lib/libutil.dylib
0x0000000002899000 	/System/Library/PrivateFrameworks/FindMyDevice.framework/Versions/A/FindMyDevice
0x0000000002899000 	/System/Library/Frameworks/LDAP.framework/Versions/A/LDAP
0x0000000002899000 	/usr/lib/libsasl2.2.dylib
0x0000000002899000 	/System/Library/PrivateFrameworks/CoreDaemon.framework/Versions/B/CoreDaemon
0x0000000002899000 	/usr/lib/libcrypto.0.9.8.dylib
0x0000000002899000 	/System/Library/PrivateFrameworks/AppleSRP.framework/Versions/A/AppleSRP
0x0000000002899000 	/System/Library/PrivateFrameworks/TrustEvaluationAgent.framework/Versions/A/TrustEvaluationAgent
0x0000000128556000 	/Library/Java/JavaVirtualMachines/jdk1.8.0.jdk/Contents/Home/jre/lib/libglass.dylib
0x0000000002899000 	/System/Library/PrivateFrameworks/CoreServicesInternal.framework/Versions/A/CoreServicesInternal
0x0000000002899000 	/System/Library/PrivateFrameworks/CloudDocs.framework/Versions/A/CloudDocs
0x0000000002899000 	/System/Library/PrivateFrameworks/CoreDuet.framework/Versions/A/CoreDuet
0x0000000002899000 	/System/Library/Frameworks/CloudKit.framework/Versions/A/CloudKit
0x0000000002899000 	/System/Library/PrivateFrameworks/ProtocolBuffer.framework/Versions/A/ProtocolBuffer
0x0000000002899000 	/System/Library/PrivateFrameworks/CoreDuetDaemonProtocol.framework/Versions/A/CoreDuetDaemonProtocol
0x0000000002899000 	/System/Library/PrivateFrameworks/CoreDuetDebugLogging.framework/Versions/A/CoreDuetDebugLogging
0x0000000002899000 	/System/Library/PrivateFrameworks/MMCS.framework/Versions/A/MMCS
0x0000000002899000 	/System/Library/Frameworks/CoreLocation.framework/Versions/A/CoreLocation
0x0000000002899000 	/System/Library/PrivateFrameworks/GeoServices.framework/Versions/A/GeoServices
0x0000000002899000 	/System/Library/Frameworks/CoreGraphics.framework/Versions/A/Resources/libCGCMS.A.dylib
0x0000000002899000 	/System/Library/CoreServices/RawCamera.bundle/Contents/MacOS/RawCamera
0x0000000002899000 	/System/Library/Frameworks/CoreGraphics.framework/Versions/A/Resources/libRIP.A.dylib
0x0000000002899000 	/System/Library/PrivateFrameworks/FamilyControls.framework/Versions/A/FamilyControls
0x0000000002899000 	/System/Library/PrivateFrameworks/CommerceKit.framework/Versions/A/Frameworks/CommerceCore.framework/Versions/A/CommerceCore
0x0000000002899000 	/System/Library/PrivateFrameworks/SystemAdministration.framework/Versions/A/SystemAdministration
0x0000000002899000 	/System/Library/PrivateFrameworks/AppContainer.framework/Versions/A/AppContainer
0x0000000002899000 	/System/Library/PrivateFrameworks/SecCodeWrapper.framework/Versions/A/SecCodeWrapper
0x0000000002899000 	/System/Library/Frameworks/DirectoryService.framework/Versions/A/DirectoryService
0x0000000002899000 	/System/Library/PrivateFrameworks/LoginUIKit.framework/Versions/A/Frameworks/LoginUICore.framework/Versions/A/LoginUICore
0x0000000002899000 	/usr/lib/libodfde.dylib
0x0000000002899000 	/System/Library/Frameworks/CoreGraphics.framework/Versions/A/Resources/libCGXType.A.dylib
0x000000012d1fb000 	cl_kernels
0x000000012d1fd000 	/System/Library/Frameworks/OpenCL.framework/Versions/A/Libraries/ImageFormats/unorm8_bgra.dylib
0x000000012d1ec000 	cl_kernels

VM Arguments:
jvm_args: -Dfile.encoding=UTF-8 
java_command: javaFxQuizGame.Main
java_class_path (initial): /Users/3philic/eclipse_project/QuizGame/bin:/Users/3philic/eclipse_project/QuizGame/libs/reactfx-1.4.1.jar
Launcher Type: SUN_STANDARD

Environment Variables:
PATH=/usr/bin:/bin:/usr/sbin:/sbin
SHELL=/bin/bash
DISPLAY=/private/tmp/com.apple.launchd.SaZKT9z7Xp/org.macosforge.xquartz:0

Signal Handlers:
SIGSEGV: [libjvm.dylib+0x55faef], sa_mask[0]=0xfffefeff, sa_flags=0x00000043
SIGBUS: [libjvm.dylib+0x55faef], sa_mask[0]=0xfffefeff, sa_flags=0x00000042
SIGFPE: [libjvm.dylib+0x44305a], sa_mask[0]=0xfffefeff, sa_flags=0x00000042
SIGPIPE: [libjvm.dylib+0x44305a], sa_mask[0]=0xfffefeff, sa_flags=0x00000042
SIGXFSZ: [libjvm.dylib+0x44305a], sa_mask[0]=0xfffefeff, sa_flags=0x00000042
SIGILL: [libjvm.dylib+0x44305a], sa_mask[0]=0xfffefeff, sa_flags=0x00000042
SIGUSR1: SIG_DFL, sa_mask[0]=0x00000000, sa_flags=0x00000000
SIGUSR2: [libjvm.dylib+0x442b78], sa_mask[0]=0x00000004, sa_flags=0x00000042
SIGHUP: [libjvm.dylib+0x440f05], sa_mask[0]=0xfffefeff, sa_flags=0x00000042
SIGINT: [libjvm.dylib+0x440f05], sa_mask[0]=0xfffefeff, sa_flags=0x00000042
SIGTERM: [libjvm.dylib+0x440f05], sa_mask[0]=0xfffefeff, sa_flags=0x00000042
SIGQUIT: [libjvm.dylib+0x440f05], sa_mask[0]=0xfffefeff, sa_flags=0x00000042


---------------  S Y S T E M  ---------------

OS:Bsduname:Darwin 14.3.0 Darwin Kernel Version 14.3.0: Mon Mar 23 11:59:05 PDT 2015; root:xnu-2782.20.48~5/RELEASE_X86_64 x86_64
rlimit: STACK 8192k, CORE 0k, NPROC 709, NOFILE 10240, AS infinity
load average:1.60 1.70 1.76

CPU:total 4 (2 cores per cpu, 2 threads per core) family 6 model 69 stepping 1, cmov, cx8, fxsr, mmx, sse, sse2, sse3, ssse3, sse4.1, sse4.2, popcnt, avx, avx2, aes, clmul, erms, ht, tsc, tscinvbit

Memory: 4k page, physical 8388608k(1104000k free)

/proc/meminfo:


vm_info: Java HotSpot(TM) 64-Bit Server VM (25.0-b70) for bsd-amd64 JRE (1.8.0-b132), built on Mar  4 2014 03:11:43 by "java_re" with gcc 4.2.1 (Based on Apple Inc. build 5658) (LLVM build 2336.11.00)

time: Tue Jun 16 15:29:52 2015
elapsed time: 0 seconds

